<?xml version="1.0" encoding="UTF-8"?>
<!-- Generated by org.testng.reporters.JUnitXMLReporter -->
<testsuite ignored="2" hostname="DESKTOP-P8SUSQ0" failures="0" tests="2" name="Default test" time="4.987" errors="0" timestamp="2026-05-03T00:46:26 IST">
  <testcase classname="com.api.tests.ProductTest" name="createProduct_Excel" time="2.183"/>
  <testcase classname="com.api.tests.ProductTest" name="createProduct_Excel" time="0.559"/>
  <testcase classname="com.api.tests.ProductTest" name="createProductTest" time="0.0">
    <ignored/>
  </testcase> <!-- createProductTest -->
  <testcase classname="com.api.tests.ProductTest" name="createProduct_JSON" time="0.0">
    <ignored/>
  </testcase> <!-- createProduct_JSON -->
</testsuite> <!-- Default test -->
