<?xml version="1.0" encoding="UTF-8"?>
<!-- Generated by org.testng.reporters.JUnitReportReporter -->
<testsuite hostname="DESKTOP-P8SUSQ0" failures="0" tests="4" name="com.api.tests.ProductTest" time="7.123" errors="0" timestamp="2026-05-03T00:48:30 IST" skipped="0">
  <testcase classname="com.api.tests.ProductTest" name="createProduct_Excel" time="1.193"/>
  <testcase classname="com.api.tests.ProductTest" name="createProduct_JSON" time="2.088"/>
  <testcase classname="com.api.tests.ProductTest" name="createProductTest" time="2.707"/>
  <testcase classname="com.api.tests.ProductTest" name="createProduct_Excel" time="1.135"/>
</testsuite> <!-- com.api.tests.ProductTest -->
